Analysis & Synthesis report for projeto1
Sun Oct 18 23:19:17 2020
Quartus Prime Version 20.1.0 Build 711 06/05/2020 SJ Lite Edition


---------------------
; Table of Contents ;
---------------------
  1. Legal Notice
  2. Analysis & Synthesis Summary
  3. Analysis & Synthesis Settings
  4. Parallel Compilation
  5. Analysis & Synthesis Source Files Read
  6. Analysis & Synthesis Resource Usage Summary
  7. Analysis & Synthesis Resource Utilization by Entity
  8. User-Specified and Inferred Latches
  9. Registers Removed During Synthesis
 10. General Register Statistics
 11. Multiplexer Restructuring Statistics (Restructuring Performed)
 12. Parameter Settings for User Entity Instance: Top-level Entity: |projeto1
 13. Parameter Settings for User Entity Instance: processador:processador
 14. Parameter Settings for User Entity Instance: processador:processador|UC:UC
 15. Parameter Settings for User Entity Instance: processador:processador|fetch:fetch
 16. Parameter Settings for User Entity Instance: processador:processador|fetch:fetch|muxGenerico2x1:muxPC
 17. Parameter Settings for User Entity Instance: processador:processador|fetch:fetch|somaConstante:somPC
 18. Parameter Settings for User Entity Instance: processador:processador|fetch:fetch|registradorGenerico:registerPC
 19. Parameter Settings for User Entity Instance: processador:processador|fetch:fetch|memoriaROM:ROM
 20. Parameter Settings for User Entity Instance: processador:processador|arquitetura:arquitetura
 21. Parameter Settings for User Entity Instance: processador:processador|arquitetura:arquitetura|muxGenerico2x1:muxInstRAM
 22. Parameter Settings for User Entity Instance: processador:processador|arquitetura:arquitetura|bancoRegistradoresArqRegMem:memReg
 23. Parameter Settings for User Entity Instance: processador:processador|arquitetura:arquitetura|ULA:ULA
 24. Parameter Settings for User Entity Instance: processador:processador|arquitetura:arquitetura|flag:flag|flipFlop:flipFlop
 25. Parameter Settings for User Entity Instance: decodificador:de
 26. Parameter Settings for User Entity Instance: divisorGenerico_e_Interface:baseTempo|divisorGenerico:baseTempo
 27. Parameter Settings for User Entity Instance: divisorGenerico_e_Interface:baseTempo|flipflopGenerico:registraUmSegundo
 28. Port Connectivity Checks: "divisorGenerico_e_Interface:baseTempo|flipflopGenerico:registraUmSegundo"
 29. Port Connectivity Checks: "processador:processador|arquitetura:arquitetura|flag:flag|flipFlop:flipFlop"
 30. Port Connectivity Checks: "processador:processador|fetch:fetch|registradorGenerico:registerPC"
 31. Port Connectivity Checks: "processador:processador"
 32. Post-Synthesis Netlist Statistics for Top Partition
 33. Elapsed Time Per Partition
 34. Analysis & Synthesis Messages



----------------
; Legal Notice ;
----------------
Copyright (C) 2020  Intel Corporation. All rights reserved.
Your use of Intel Corporation's design tools, logic functions 
and other software and tools, and any partner logic 
functions, and any output files from any of the foregoing 
(including device programming or simulation files), and any 
associated documentation or information are expressly subject 
to the terms and conditions of the Intel Program License 
Subscription Agreement, the Intel Quartus Prime License Agreement,
the Intel FPGA IP License Agreement, or other applicable license
agreement, including, without limitation, that your use is for
the sole purpose of programming logic devices manufactured by
Intel and sold by Intel or its authorized distributors.  Please
refer to the applicable agreement for further details, at
https://fpgasoftware.intel.com/eula.



+-------------------------------------------------------------------------------+
; Analysis & Synthesis Summary                                                  ;
+---------------------------------+---------------------------------------------+
; Analysis & Synthesis Status     ; Successful - Sun Oct 18 23:19:17 2020       ;
; Quartus Prime Version           ; 20.1.0 Build 711 06/05/2020 SJ Lite Edition ;
; Revision Name                   ; projeto1                                    ;
; Top-level Entity Name           ; projeto1                                    ;
; Family                          ; Cyclone V                                   ;
; Logic utilization (in ALMs)     ; N/A                                         ;
; Total registers                 ; 87                                          ;
; Total pins                      ; 82                                          ;
; Total virtual pins              ; 0                                           ;
; Total block memory bits         ; 0                                           ;
; Total DSP Blocks                ; 0                                           ;
; Total HSSI RX PCSs              ; 0                                           ;
; Total HSSI PMA RX Deserializers ; 0                                           ;
; Total HSSI TX PCSs              ; 0                                           ;
; Total HSSI PMA TX Serializers   ; 0                                           ;
; Total PLLs                      ; 0                                           ;
; Total DLLs                      ; 0                                           ;
+---------------------------------+---------------------------------------------+


+---------------------------------------------------------------------------------------------------------------------------+
; Analysis & Synthesis Settings                                                                                             ;
+---------------------------------------------------------------------------------+--------------------+--------------------+
; Option                                                                          ; Setting            ; Default Value      ;
+---------------------------------------------------------------------------------+--------------------+--------------------+
; Device                                                                          ; 5CEBA4F23C7        ;                    ;
; Top-level entity name                                                           ; projeto1           ; projeto1           ;
; Family name                                                                     ; Cyclone V          ; Cyclone V          ;
; VHDL Show LMF Mapping Messages                                                  ; Off                ;                    ;
; VHDL Version                                                                    ; VHDL_2008          ; VHDL_1993          ;
; Use smart compilation                                                           ; Off                ; Off                ;
; Enable parallel Assembler and Timing Analyzer during compilation                ; On                 ; On                 ;
; Enable compact report table                                                     ; Off                ; Off                ;
; Restructure Multiplexers                                                        ; Auto               ; Auto               ;
; MLAB Add Timing Constraints For Mixed-Port Feed-Through Mode Setting Don't Care ; Off                ; Off                ;
; Create Debugging Nodes for IP Cores                                             ; Off                ; Off                ;
; Preserve fewer node names                                                       ; On                 ; On                 ;
; Intel FPGA IP Evaluation Mode                                                   ; Enable             ; Enable             ;
; Verilog Version                                                                 ; Verilog_2001       ; Verilog_2001       ;
; State Machine Processing                                                        ; Auto               ; Auto               ;
; Safe State Machine                                                              ; Off                ; Off                ;
; Extract Verilog State Machines                                                  ; On                 ; On                 ;
; Extract VHDL State Machines                                                     ; On                 ; On                 ;
; Ignore Verilog initial constructs                                               ; Off                ; Off                ;
; Iteration limit for constant Verilog loops                                      ; 5000               ; 5000               ;
; Iteration limit for non-constant Verilog loops                                  ; 250                ; 250                ;
; Add Pass-Through Logic to Inferred RAMs                                         ; On                 ; On                 ;
; Infer RAMs from Raw Logic                                                       ; On                 ; On                 ;
; Parallel Synthesis                                                              ; On                 ; On                 ;
; DSP Block Balancing                                                             ; Auto               ; Auto               ;
; NOT Gate Push-Back                                                              ; On                 ; On                 ;
; Power-Up Don't Care                                                             ; On                 ; On                 ;
; Remove Redundant Logic Cells                                                    ; Off                ; Off                ;
; Remove Duplicate Registers                                                      ; On                 ; On                 ;
; Ignore CARRY Buffers                                                            ; Off                ; Off                ;
; Ignore CASCADE Buffers                                                          ; Off                ; Off                ;
; Ignore GLOBAL Buffers                                                           ; Off                ; Off                ;
; Ignore ROW GLOBAL Buffers                                                       ; Off                ; Off                ;
; Ignore LCELL Buffers                                                            ; Off                ; Off                ;
; Ignore SOFT Buffers                                                             ; On                 ; On                 ;
; Limit AHDL Integers to 32 Bits                                                  ; Off                ; Off                ;
; Optimization Technique                                                          ; Balanced           ; Balanced           ;
; Carry Chain Length                                                              ; 70                 ; 70                 ;
; Auto Carry Chains                                                               ; On                 ; On                 ;
; Auto Open-Drain Pins                                                            ; On                 ; On                 ;
; Perform WYSIWYG Primitive Resynthesis                                           ; Off                ; Off                ;
; Auto ROM Replacement                                                            ; On                 ; On                 ;
; Auto RAM Replacement                                                            ; On                 ; On                 ;
; Auto DSP Block Replacement                                                      ; On                 ; On                 ;
; Auto Shift Register Replacement                                                 ; Auto               ; Auto               ;
; Allow Shift Register Merging across Hierarchies                                 ; Auto               ; Auto               ;
; Auto Clock Enable Replacement                                                   ; On                 ; On                 ;
; Strict RAM Replacement                                                          ; Off                ; Off                ;
; Allow Synchronous Control Signals                                               ; On                 ; On                 ;
; Force Use of Synchronous Clear Signals                                          ; Off                ; Off                ;
; Auto Resource Sharing                                                           ; Off                ; Off                ;
; Allow Any RAM Size For Recognition                                              ; Off                ; Off                ;
; Allow Any ROM Size For Recognition                                              ; Off                ; Off                ;
; Allow Any Shift Register Size For Recognition                                   ; Off                ; Off                ;
; Use LogicLock Constraints during Resource Balancing                             ; On                 ; On                 ;
; Ignore translate_off and synthesis_off directives                               ; Off                ; Off                ;
; Timing-Driven Synthesis                                                         ; On                 ; On                 ;
; Report Parameter Settings                                                       ; On                 ; On                 ;
; Report Source Assignments                                                       ; On                 ; On                 ;
; Report Connectivity Checks                                                      ; On                 ; On                 ;
; Ignore Maximum Fan-Out Assignments                                              ; Off                ; Off                ;
; Synchronization Register Chain Length                                           ; 3                  ; 3                  ;
; Power Optimization During Synthesis                                             ; Normal compilation ; Normal compilation ;
; HDL message level                                                               ; Level2             ; Level2             ;
; Suppress Register Optimization Related Messages                                 ; Off                ; Off                ;
; Number of Removed Registers Reported in Synthesis Report                        ; 5000               ; 5000               ;
; Number of Swept Nodes Reported in Synthesis Report                              ; 5000               ; 5000               ;
; Number of Inverted Registers Reported in Synthesis Report                       ; 100                ; 100                ;
; Clock MUX Protection                                                            ; On                 ; On                 ;
; Auto Gated Clock Conversion                                                     ; Off                ; Off                ;
; Block Design Naming                                                             ; Auto               ; Auto               ;
; SDC constraint protection                                                       ; Off                ; Off                ;
; Synthesis Effort                                                                ; Auto               ; Auto               ;
; Shift Register Replacement - Allow Asynchronous Clear Signal                    ; On                 ; On                 ;
; Pre-Mapping Resynthesis Optimization                                            ; Off                ; Off                ;
; Analysis & Synthesis Message Level                                              ; Medium             ; Medium             ;
; Disable Register Merging Across Hierarchies                                     ; Auto               ; Auto               ;
; Resource Aware Inference For Block RAM                                          ; On                 ; On                 ;
; Automatic Parallel Synthesis                                                    ; On                 ; On                 ;
; Partial Reconfiguration Bitstream ID                                            ; Off                ; Off                ;
+---------------------------------------------------------------------------------+--------------------+--------------------+


+------------------------------------------+
; Parallel Compilation                     ;
+----------------------------+-------------+
; Processors                 ; Number      ;
+----------------------------+-------------+
; Number detected on machine ; 4           ;
; Maximum allowed            ; 2           ;
;                            ;             ;
; Average used               ; 1.00        ;
; Maximum used               ; 2           ;
;                            ;             ;
; Usage by Processor         ; % Time Used ;
;     Processor 1            ; 100.0%      ;
;     Processor 2            ;   0.0%      ;
+----------------------------+-------------+


+------------------------------------------------------------------------------------------------------------------------------------------------------------------------------------------------------------+
; Analysis & Synthesis Source Files Read                                                                                                                                                                     ;
+----------------------------------+-----------------+-----------------+---------------------------------------------------------------------------------------------------------------------------+---------+
; File Name with User-Entered Path ; Used in Netlist ; File Type       ; File Name with Absolute Path                                                                                              ; Library ;
+----------------------------------+-----------------+-----------------+---------------------------------------------------------------------------------------------------------------------------+---------+
; registradorGenerico.vhd          ; yes             ; User VHDL File  ; C:/Users/roger/Documents/Insper/2020.2/Design de Computadores/descomp_aps/Projeto relógio/registradorGenerico.vhd         ;         ;
; muxGenerico2x1.vhd               ; yes             ; User VHDL File  ; C:/Users/roger/Documents/Insper/2020.2/Design de Computadores/descomp_aps/Projeto relógio/muxGenerico2x1.vhd              ;         ;
; fetch.vhd                        ; yes             ; User VHDL File  ; C:/Users/roger/Documents/Insper/2020.2/Design de Computadores/descomp_aps/Projeto relógio/fetch.vhd                       ;         ;
; somaConstante.vhd                ; yes             ; User VHDL File  ; C:/Users/roger/Documents/Insper/2020.2/Design de Computadores/descomp_aps/Projeto relógio/somaConstante.vhd               ;         ;
; projeto1.vhd                     ; yes             ; User VHDL File  ; C:/Users/roger/Documents/Insper/2020.2/Design de Computadores/descomp_aps/Projeto relógio/projeto1.vhd                    ;         ;
; memoriaROM.vhd                   ; yes             ; User VHDL File  ; C:/Users/roger/Documents/Insper/2020.2/Design de Computadores/descomp_aps/Projeto relógio/memoriaROM.vhd                  ;         ;
; processador.vhd                  ; yes             ; User VHDL File  ; C:/Users/roger/Documents/Insper/2020.2/Design de Computadores/descomp_aps/Projeto relógio/processador.vhd                 ;         ;
; arquitetura.vhd                  ; yes             ; User VHDL File  ; C:/Users/roger/Documents/Insper/2020.2/Design de Computadores/descomp_aps/Projeto relógio/arquitetura.vhd                 ;         ;
; ULA.vhd                          ; yes             ; User VHDL File  ; C:/Users/roger/Documents/Insper/2020.2/Design de Computadores/descomp_aps/Projeto relógio/ULA.vhd                         ;         ;
; flag.vhd                         ; yes             ; User VHDL File  ; C:/Users/roger/Documents/Insper/2020.2/Design de Computadores/descomp_aps/Projeto relógio/flag.vhd                        ;         ;
; UC.vhd                           ; yes             ; User VHDL File  ; C:/Users/roger/Documents/Insper/2020.2/Design de Computadores/descomp_aps/Projeto relógio/UC.vhd                          ;         ;
; bancoRegistradoresArqRegMem.vhd  ; yes             ; User VHDL File  ; C:/Users/roger/Documents/Insper/2020.2/Design de Computadores/descomp_aps/Projeto relógio/bancoRegistradoresArqRegMem.vhd ;         ;
; decodificador.vhd                ; yes             ; User VHDL File  ; C:/Users/roger/Documents/Insper/2020.2/Design de Computadores/descomp_aps/Projeto relógio/decodificador.vhd               ;         ;
; flipFlop.vhd                     ; yes             ; User VHDL File  ; C:/Users/roger/Documents/Insper/2020.2/Design de Computadores/descomp_aps/Projeto relógio/flipFlop.vhd                    ;         ;
; conversorHex7Seg.vhd             ; yes             ; User VHDL File  ; C:/Users/roger/Documents/Insper/2020.2/Design de Computadores/descomp_aps/Projeto relógio/conversorHex7Seg.vhd            ;         ;
; interfaceDisplay.vhd             ; yes             ; User VHDL File  ; C:/Users/roger/Documents/Insper/2020.2/Design de Computadores/descomp_aps/Projeto relógio/interfaceDisplay.vhd            ;         ;
; interfaceChave.vhd               ; yes             ; User VHDL File  ; C:/Users/roger/Documents/Insper/2020.2/Design de Computadores/descomp_aps/Projeto relógio/interfaceChave.vhd              ;         ;
; interfaceBotao.vhd               ; yes             ; User VHDL File  ; C:/Users/roger/Documents/Insper/2020.2/Design de Computadores/descomp_aps/Projeto relógio/interfaceBotao.vhd              ;         ;
; divisorGenerico_e_Interface.vhd  ; yes             ; User VHDL File  ; C:/Users/roger/Documents/Insper/2020.2/Design de Computadores/descomp_aps/Projeto relógio/divisorGenerico_e_Interface.vhd ;         ;
; divisorGenerico.vhd              ; yes             ; User VHDL File  ; C:/Users/roger/Documents/Insper/2020.2/Design de Computadores/descomp_aps/Projeto relógio/divisorGenerico.vhd             ;         ;
; flipflopGenerico.vhd             ; yes             ; User VHDL File  ; C:/Users/roger/Documents/Insper/2020.2/Design de Computadores/descomp_aps/Projeto relógio/flipflopGenerico.vhd            ;         ;
+----------------------------------+-----------------+-----------------+---------------------------------------------------------------------------------------------------------------------------+---------+


+--------------------------------------------------------------+
; Analysis & Synthesis Resource Usage Summary                  ;
+---------------------------------------------+----------------+
; Resource                                    ; Usage          ;
+---------------------------------------------+----------------+
; Estimate of Logic utilization (ALMs needed) ; 142            ;
;                                             ;                ;
; Combinational ALUT usage for logic          ; 228            ;
;     -- 7 input functions                    ; 10             ;
;     -- 6 input functions                    ; 40             ;
;     -- 5 input functions                    ; 42             ;
;     -- 4 input functions                    ; 20             ;
;     -- <=3 input functions                  ; 116            ;
;                                             ;                ;
; Dedicated logic registers                   ; 87             ;
;                                             ;                ;
; I/O pins                                    ; 82             ;
;                                             ;                ;
; Total DSP Blocks                            ; 0              ;
;                                             ;                ;
; Maximum fan-out node                        ; CLOCK_50~input ;
; Maximum fan-out                             ; 86             ;
; Total fan-out                               ; 1307           ;
; Average fan-out                             ; 2.73           ;
+---------------------------------------------+----------------+


+----------------------------------------------------------------------------------------------------------------------------------------------------------------------------------------------------------------------------------------------------------------------------------------------------+
; Analysis & Synthesis Resource Utilization by Entity                                                                                                                                                                                                                                                ;
+-----------------------------------------------+---------------------+---------------------------+-------------------+------------+------+--------------+----------------------------------------------------------------------------------------------+-----------------------------+--------------+
; Compilation Hierarchy Node                    ; Combinational ALUTs ; Dedicated Logic Registers ; Block Memory Bits ; DSP Blocks ; Pins ; Virtual Pins ; Full Hierarchy Name                                                                          ; Entity Name                 ; Library Name ;
+-----------------------------------------------+---------------------+---------------------------+-------------------+------------+------+--------------+----------------------------------------------------------------------------------------------+-----------------------------+--------------+
; |projeto1                                     ; 228 (10)            ; 87 (0)                    ; 0                 ; 0          ; 82   ; 0            ; |projeto1                                                                                    ; projeto1                    ; work         ;
;    |decodificador:de|                         ; 23 (23)             ; 0 (0)                     ; 0                 ; 0          ; 0    ; 0            ; |projeto1|decodificador:de                                                                   ; decodificador               ; work         ;
;    |divisorGenerico_e_Interface:baseTempo|    ; 24 (1)              ; 20 (0)                    ; 0                 ; 0          ; 0    ; 0            ; |projeto1|divisorGenerico_e_Interface:baseTempo                                              ; divisorGenerico_e_Interface ; work         ;
;       |divisorGenerico:baseTempo|             ; 23 (23)             ; 19 (19)                   ; 0                 ; 0          ; 0    ; 0            ; |projeto1|divisorGenerico_e_Interface:baseTempo|divisorGenerico:baseTempo                    ; divisorGenerico             ; work         ;
;       |flipflopGenerico:registraUmSegundo|    ; 0 (0)               ; 1 (1)                     ; 0                 ; 0          ; 0    ; 0            ; |projeto1|divisorGenerico_e_Interface:baseTempo|flipflopGenerico:registraUmSegundo           ; flipflopGenerico            ; work         ;
;    |interfaceDisplay:display|                 ; 55 (6)              ; 0 (0)                     ; 0                 ; 0          ; 0    ; 0            ; |projeto1|interfaceDisplay:display                                                           ; interfaceDisplay            ; work         ;
;       |conversorHex7Seg:display0|             ; 14 (14)             ; 0 (0)                     ; 0                 ; 0          ; 0    ; 0            ; |projeto1|interfaceDisplay:display|conversorHex7Seg:display0                                 ; conversorHex7Seg            ; work         ;
;       |conversorHex7Seg:display1|             ; 7 (7)               ; 0 (0)                     ; 0                 ; 0          ; 0    ; 0            ; |projeto1|interfaceDisplay:display|conversorHex7Seg:display1                                 ; conversorHex7Seg            ; work         ;
;       |conversorHex7Seg:display2|             ; 7 (7)               ; 0 (0)                     ; 0                 ; 0          ; 0    ; 0            ; |projeto1|interfaceDisplay:display|conversorHex7Seg:display2                                 ; conversorHex7Seg            ; work         ;
;       |conversorHex7Seg:display3|             ; 7 (7)               ; 0 (0)                     ; 0                 ; 0          ; 0    ; 0            ; |projeto1|interfaceDisplay:display|conversorHex7Seg:display3                                 ; conversorHex7Seg            ; work         ;
;       |conversorHex7Seg:display4|             ; 7 (7)               ; 0 (0)                     ; 0                 ; 0          ; 0    ; 0            ; |projeto1|interfaceDisplay:display|conversorHex7Seg:display4                                 ; conversorHex7Seg            ; work         ;
;       |conversorHex7Seg:display5|             ; 7 (7)               ; 0 (0)                     ; 0                 ; 0          ; 0    ; 0            ; |projeto1|interfaceDisplay:display|conversorHex7Seg:display5                                 ; conversorHex7Seg            ; work         ;
;    |processador:processador|                  ; 116 (0)             ; 67 (0)                    ; 0                 ; 0          ; 0    ; 0            ; |projeto1|processador:processador                                                            ; processador                 ; work         ;
;       |UC:UC|                                 ; 15 (15)             ; 0 (0)                     ; 0                 ; 0          ; 0    ; 0            ; |projeto1|processador:processador|UC:UC                                                      ; UC                          ; work         ;
;       |arquitetura:arquitetura|               ; 56 (0)              ; 57 (0)                    ; 0                 ; 0          ; 0    ; 0            ; |projeto1|processador:processador|arquitetura:arquitetura                                    ; arquitetura                 ; work         ;
;          |ULA:ULA|                            ; 24 (24)             ; 0 (0)                     ; 0                 ; 0          ; 0    ; 0            ; |projeto1|processador:processador|arquitetura:arquitetura|ULA:ULA                            ; ULA                         ; work         ;
;          |bancoRegistradoresArqRegMem:memReg| ; 23 (23)             ; 56 (56)                   ; 0                 ; 0          ; 0    ; 0            ; |projeto1|processador:processador|arquitetura:arquitetura|bancoRegistradoresArqRegMem:memReg ; bancoRegistradoresArqRegMem ; work         ;
;          |flag:flag|                          ; 5 (0)               ; 1 (0)                     ; 0                 ; 0          ; 0    ; 0            ; |projeto1|processador:processador|arquitetura:arquitetura|flag:flag                          ; flag                        ; work         ;
;             |flipFlop:flipFlop|               ; 5 (5)               ; 1 (1)                     ; 0                 ; 0          ; 0    ; 0            ; |projeto1|processador:processador|arquitetura:arquitetura|flag:flag|flipFlop:flipFlop        ; flipFlop                    ; work         ;
;          |muxGenerico2x1:muxInstRAM|          ; 4 (4)               ; 0 (0)                     ; 0                 ; 0          ; 0    ; 0            ; |projeto1|processador:processador|arquitetura:arquitetura|muxGenerico2x1:muxInstRAM          ; muxGenerico2x1              ; work         ;
;       |fetch:fetch|                           ; 45 (0)              ; 10 (0)                    ; 0                 ; 0          ; 0    ; 0            ; |projeto1|processador:processador|fetch:fetch                                                ; fetch                       ; work         ;
;          |memoriaROM:ROM|                     ; 35 (35)             ; 0 (0)                     ; 0                 ; 0          ; 0    ; 0            ; |projeto1|processador:processador|fetch:fetch|memoriaROM:ROM                                 ; memoriaROM                  ; work         ;
;          |registradorGenerico:registerPC|     ; 0 (0)               ; 10 (10)                   ; 0                 ; 0          ; 0    ; 0            ; |projeto1|processador:processador|fetch:fetch|registradorGenerico:registerPC                 ; registradorGenerico         ; work         ;
;          |somaConstante:somPC|                ; 10 (10)             ; 0 (0)                     ; 0                 ; 0          ; 0    ; 0            ; |projeto1|processador:processador|fetch:fetch|somaConstante:somPC                            ; somaConstante               ; work         ;
+-----------------------------------------------+---------------------+---------------------------+-------------------+------------+------+--------------+----------------------------------------------------------------------------------------------+-----------------------------+--------------+
Note: For table entries with two numbers listed, the numbers in parentheses indicate the number of resources of the given type used by the specific entity alone. The numbers listed outside of parentheses indicate the total resources of the given type used by the specific entity and all of its sub-entities in the hierarchy.


+----------------------------------------------------------------------------------------------------------------------------+
; User-Specified and Inferred Latches                                                                                        ;
+-----------------------------------------------------------------+---------------------------------+------------------------+
; Latch Name                                                      ; Latch Enable Signal             ; Free of Timing Hazards ;
+-----------------------------------------------------------------+---------------------------------+------------------------+
; interfaceDisplay:display|conversorHex7Seg:display0|saida7seg[0] ; interfaceDisplay:display|Equal0 ; yes                    ;
; interfaceDisplay:display|conversorHex7Seg:display0|saida7seg[1] ; interfaceDisplay:display|Equal0 ; yes                    ;
; interfaceDisplay:display|conversorHex7Seg:display0|saida7seg[2] ; interfaceDisplay:display|Equal0 ; yes                    ;
; interfaceDisplay:display|conversorHex7Seg:display0|saida7seg[3] ; interfaceDisplay:display|Equal0 ; yes                    ;
; interfaceDisplay:display|conversorHex7Seg:display0|saida7seg[4] ; interfaceDisplay:display|Equal0 ; yes                    ;
; interfaceDisplay:display|conversorHex7Seg:display0|saida7seg[5] ; interfaceDisplay:display|Equal0 ; yes                    ;
; interfaceDisplay:display|conversorHex7Seg:display0|saida7seg[6] ; interfaceDisplay:display|Equal0 ; yes                    ;
; interfaceDisplay:display|conversorHex7Seg:display1|saida7seg[0] ; interfaceDisplay:display|Equal0 ; yes                    ;
; interfaceDisplay:display|conversorHex7Seg:display1|saida7seg[1] ; interfaceDisplay:display|Equal0 ; yes                    ;
; interfaceDisplay:display|conversorHex7Seg:display1|saida7seg[2] ; interfaceDisplay:display|Equal0 ; yes                    ;
; interfaceDisplay:display|conversorHex7Seg:display1|saida7seg[3] ; interfaceDisplay:display|Equal0 ; yes                    ;
; interfaceDisplay:display|conversorHex7Seg:display1|saida7seg[4] ; interfaceDisplay:display|Equal0 ; yes                    ;
; interfaceDisplay:display|conversorHex7Seg:display1|saida7seg[5] ; interfaceDisplay:display|Equal0 ; yes                    ;
; interfaceDisplay:display|conversorHex7Seg:display1|saida7seg[6] ; interfaceDisplay:display|Equal0 ; yes                    ;
; interfaceDisplay:display|conversorHex7Seg:display2|saida7seg[0] ; interfaceDisplay:display|Equal0 ; yes                    ;
; interfaceDisplay:display|conversorHex7Seg:display2|saida7seg[1] ; interfaceDisplay:display|Equal0 ; yes                    ;
; interfaceDisplay:display|conversorHex7Seg:display2|saida7seg[2] ; interfaceDisplay:display|Equal0 ; yes                    ;
; interfaceDisplay:display|conversorHex7Seg:display2|saida7seg[3] ; interfaceDisplay:display|Equal0 ; yes                    ;
; interfaceDisplay:display|conversorHex7Seg:display2|saida7seg[4] ; interfaceDisplay:display|Equal0 ; yes                    ;
; interfaceDisplay:display|conversorHex7Seg:display2|saida7seg[5] ; interfaceDisplay:display|Equal0 ; yes                    ;
; interfaceDisplay:display|conversorHex7Seg:display2|saida7seg[6] ; interfaceDisplay:display|Equal0 ; yes                    ;
; interfaceDisplay:display|conversorHex7Seg:display3|saida7seg[0] ; interfaceDisplay:display|Equal0 ; yes                    ;
; interfaceDisplay:display|conversorHex7Seg:display3|saida7seg[1] ; interfaceDisplay:display|Equal0 ; yes                    ;
; interfaceDisplay:display|conversorHex7Seg:display3|saida7seg[2] ; interfaceDisplay:display|Equal0 ; yes                    ;
; interfaceDisplay:display|conversorHex7Seg:display3|saida7seg[3] ; interfaceDisplay:display|Equal0 ; yes                    ;
; interfaceDisplay:display|conversorHex7Seg:display3|saida7seg[4] ; interfaceDisplay:display|Equal0 ; yes                    ;
; interfaceDisplay:display|conversorHex7Seg:display3|saida7seg[5] ; interfaceDisplay:display|Equal0 ; yes                    ;
; interfaceDisplay:display|conversorHex7Seg:display3|saida7seg[6] ; interfaceDisplay:display|Equal0 ; yes                    ;
; interfaceDisplay:display|conversorHex7Seg:display4|saida7seg[0] ; interfaceDisplay:display|Equal0 ; yes                    ;
; interfaceDisplay:display|conversorHex7Seg:display4|saida7seg[1] ; interfaceDisplay:display|Equal0 ; yes                    ;
; interfaceDisplay:display|conversorHex7Seg:display4|saida7seg[2] ; interfaceDisplay:display|Equal0 ; yes                    ;
; interfaceDisplay:display|conversorHex7Seg:display4|saida7seg[3] ; interfaceDisplay:display|Equal0 ; yes                    ;
; interfaceDisplay:display|conversorHex7Seg:display4|saida7seg[4] ; interfaceDisplay:display|Equal0 ; yes                    ;
; interfaceDisplay:display|conversorHex7Seg:display4|saida7seg[5] ; interfaceDisplay:display|Equal0 ; yes                    ;
; interfaceDisplay:display|conversorHex7Seg:display4|saida7seg[6] ; interfaceDisplay:display|Equal0 ; yes                    ;
; interfaceDisplay:display|conversorHex7Seg:display5|saida7seg[0] ; interfaceDisplay:display|Equal0 ; yes                    ;
; interfaceDisplay:display|conversorHex7Seg:display5|saida7seg[1] ; interfaceDisplay:display|Equal0 ; yes                    ;
; interfaceDisplay:display|conversorHex7Seg:display5|saida7seg[2] ; interfaceDisplay:display|Equal0 ; yes                    ;
; interfaceDisplay:display|conversorHex7Seg:display5|saida7seg[3] ; interfaceDisplay:display|Equal0 ; yes                    ;
; interfaceDisplay:display|conversorHex7Seg:display5|saida7seg[4] ; interfaceDisplay:display|Equal0 ; yes                    ;
; interfaceDisplay:display|conversorHex7Seg:display5|saida7seg[5] ; interfaceDisplay:display|Equal0 ; yes                    ;
; interfaceDisplay:display|conversorHex7Seg:display5|saida7seg[6] ; interfaceDisplay:display|Equal0 ; yes                    ;
; decodificador:de|enderecoBotao[0]                               ; GND                             ; yes                    ;
; decodificador:de|enderecoBotao[1]                               ; GND                             ; yes                    ;
; processador:processador|UC:UC|operacao[1]                       ; GND                             ; yes                    ;
; processador:processador|UC:UC|operacao[0]                       ; GND                             ; yes                    ;
; processador:processador|UC:UC|operacao[2]                       ; GND                             ; yes                    ;
; Number of user-specified and inferred latches = 47              ;                                 ;                        ;
+-----------------------------------------------------------------+---------------------------------+------------------------+
Note: All latches listed above may not be present at the end of synthesis due to various synthesis optimizations.


+-------------------------------------------------------------------------------------------------------------------------------------------------+
; Registers Removed During Synthesis                                                                                                              ;
+---------------------------------------------------------------------------------------------------+---------------------------------------------+
; Register name                                                                                     ; Reason for Removal                          ;
+---------------------------------------------------------------------------------------------------+---------------------------------------------+
; processador:processador|arquitetura:arquitetura|bancoRegistradoresArqRegMem:memReg|registrador~68 ; Stuck at GND due to stuck port clock_enable ;
; processador:processador|arquitetura:arquitetura|bancoRegistradoresArqRegMem:memReg|registrador~69 ; Stuck at GND due to stuck port clock_enable ;
; processador:processador|arquitetura:arquitetura|bancoRegistradoresArqRegMem:memReg|registrador~70 ; Stuck at GND due to stuck port clock_enable ;
; processador:processador|arquitetura:arquitetura|bancoRegistradoresArqRegMem:memReg|registrador~71 ; Stuck at GND due to stuck port clock_enable ;
; processador:processador|arquitetura:arquitetura|bancoRegistradoresArqRegMem:memReg|registrador~72 ; Stuck at GND due to stuck port clock_enable ;
; processador:processador|arquitetura:arquitetura|bancoRegistradoresArqRegMem:memReg|registrador~73 ; Stuck at GND due to stuck port clock_enable ;
; processador:processador|arquitetura:arquitetura|bancoRegistradoresArqRegMem:memReg|registrador~74 ; Stuck at GND due to stuck port clock_enable ;
; processador:processador|arquitetura:arquitetura|bancoRegistradoresArqRegMem:memReg|registrador~75 ; Stuck at GND due to stuck port clock_enable ;
; Total Number of Removed Registers = 8                                                             ;                                             ;
+---------------------------------------------------------------------------------------------------+---------------------------------------------+


+------------------------------------------------------+
; General Register Statistics                          ;
+----------------------------------------------+-------+
; Statistic                                    ; Value ;
+----------------------------------------------+-------+
; Total registers                              ; 87    ;
; Number of registers using Synchronous Clear  ; 18    ;
; Number of registers using Synchronous Load   ; 10    ;
; Number of registers using Asynchronous Clear ; 1     ;
; Number of registers using Asynchronous Load  ; 0     ;
; Number of registers using Clock Enable       ; 56    ;
; Number of registers using Preset             ; 0     ;
+----------------------------------------------+-------+


+---------------------------------------------------------------------------------------------------------------------------------------------------------------------------------------------+
; Multiplexer Restructuring Statistics (Restructuring Performed)                                                                                                                              ;
+--------------------+-----------+---------------+----------------------+------------------------+------------+-------------------------------------------------------------------------------+
; Multiplexer Inputs ; Bus Width ; Baseline Area ; Area if Restructured ; Saving if Restructured ; Registered ; Example Multiplexer Output                                                    ;
+--------------------+-----------+---------------+----------------------+------------------------+------------+-------------------------------------------------------------------------------+
; 9:1                ; 2 bits    ; 12 LEs        ; 6 LEs                ; 6 LEs                  ; No         ; |projeto1|processador:processador|arquitetura:arquitetura|ULA:ULA|saida[7]    ;
; 9:1                ; 6 bits    ; 36 LEs        ; 24 LEs               ; 12 LEs                 ; No         ; |projeto1|processador:processador|arquitetura:arquitetura|ULA:ULA|saida[5]    ;
; 7:1                ; 2 bits    ; 8 LEs         ; 8 LEs                ; 0 LEs                  ; No         ; |projeto1|decodificador:de|enderecoChave[2]                                   ;
; 8:1                ; 2 bits    ; 10 LEs        ; 10 LEs               ; 0 LEs                  ; No         ; |projeto1|decodificador:de|enderecoChave[3]                                   ;
; 13:1               ; 4 bits    ; 32 LEs        ; 32 LEs               ; 0 LEs                  ; No         ; |projeto1|interfaceDisplay:display|conversorHex7Seg:display0|rascSaida7seg[2] ;
; 14:1               ; 2 bits    ; 18 LEs        ; 18 LEs               ; 0 LEs                  ; No         ; |projeto1|interfaceDisplay:display|conversorHex7Seg:display0|rascSaida7seg[6] ;
+--------------------+-----------+---------------+----------------------+------------------------+------------+-------------------------------------------------------------------------------+


+--------------------------------------------------------------------------+
; Parameter Settings for User Entity Instance: Top-level Entity: |projeto1 ;
+----------------+-------+-------------------------------------------------+
; Parameter Name ; Value ; Type                                            ;
+----------------+-------+-------------------------------------------------+
; opcode_width   ; 4     ; Signed Integer                                  ;
; regs_width     ; 3     ; Signed Integer                                  ;
; data_width     ; 8     ; Signed Integer                                  ;
; addr_width     ; 10    ; Signed Integer                                  ;
; inst_width     ; 17    ; Signed Integer                                  ;
+----------------+-------+-------------------------------------------------+
Note: In order to hide this table in the UI and the text report file, please set the "Show Parameter Settings in Synthesis Report" option in "Analysis and Synthesis Settings -> More Settings" to "Off".


+----------------------------------------------------------------------+
; Parameter Settings for User Entity Instance: processador:processador ;
+----------------+-------+---------------------------------------------+
; Parameter Name ; Value ; Type                                        ;
+----------------+-------+---------------------------------------------+
; opcode_width   ; 4     ; Signed Integer                              ;
; regs_width     ; 3     ; Signed Integer                              ;
; data_width     ; 8     ; Signed Integer                              ;
; addr_width     ; 10    ; Signed Integer                              ;
; inst_width     ; 17    ; Signed Integer                              ;
+----------------+-------+---------------------------------------------+
Note: In order to hide this table in the UI and the text report file, please set the "Show Parameter Settings in Synthesis Report" option in "Analysis and Synthesis Settings -> More Settings" to "Off".


+----------------------------------------------------------------------------+
; Parameter Settings for User Entity Instance: processador:processador|UC:UC ;
+----------------+-------+---------------------------------------------------+
; Parameter Name ; Value ; Type                                              ;
+----------------+-------+---------------------------------------------------+
; opcode_width   ; 4     ; Signed Integer                                    ;
; operacao_width ; 3     ; Signed Integer                                    ;
+----------------+-------+---------------------------------------------------+
Note: In order to hide this table in the UI and the text report file, please set the "Show Parameter Settings in Synthesis Report" option in "Analysis and Synthesis Settings -> More Settings" to "Off".


+----------------------------------------------------------------------------------+
; Parameter Settings for User Entity Instance: processador:processador|fetch:fetch ;
+----------------+-------+---------------------------------------------------------+
; Parameter Name ; Value ; Type                                                    ;
+----------------+-------+---------------------------------------------------------+
; incremento     ; 1     ; Signed Integer                                          ;
; data_width     ; 8     ; Signed Integer                                          ;
; addr_width     ; 10    ; Signed Integer                                          ;
; inst_width     ; 17    ; Signed Integer                                          ;
+----------------+-------+---------------------------------------------------------+
Note: In order to hide this table in the UI and the text report file, please set the "Show Parameter Settings in Synthesis Report" option in "Analysis and Synthesis Settings -> More Settings" to "Off".


+-------------------------------------------------------------------------------------------------------+
; Parameter Settings for User Entity Instance: processador:processador|fetch:fetch|muxGenerico2x1:muxPC ;
+----------------+-------+------------------------------------------------------------------------------+
; Parameter Name ; Value ; Type                                                                         ;
+----------------+-------+------------------------------------------------------------------------------+
; larguradados   ; 10    ; Signed Integer                                                               ;
+----------------+-------+------------------------------------------------------------------------------+
Note: In order to hide this table in the UI and the text report file, please set the "Show Parameter Settings in Synthesis Report" option in "Analysis and Synthesis Settings -> More Settings" to "Off".


+------------------------------------------------------------------------------------------------------+
; Parameter Settings for User Entity Instance: processador:processador|fetch:fetch|somaConstante:somPC ;
+----------------+-------+-----------------------------------------------------------------------------+
; Parameter Name ; Value ; Type                                                                        ;
+----------------+-------+-----------------------------------------------------------------------------+
; larguradados   ; 10    ; Signed Integer                                                              ;
; constante      ; 1     ; Signed Integer                                                              ;
+----------------+-------+-----------------------------------------------------------------------------+
Note: In order to hide this table in the UI and the text report file, please set the "Show Parameter Settings in Synthesis Report" option in "Analysis and Synthesis Settings -> More Settings" to "Off".


+-----------------------------------------------------------------------------------------------------------------+
; Parameter Settings for User Entity Instance: processador:processador|fetch:fetch|registradorGenerico:registerPC ;
+----------------+-------+----------------------------------------------------------------------------------------+
; Parameter Name ; Value ; Type                                                                                   ;
+----------------+-------+----------------------------------------------------------------------------------------+
; larguradados   ; 10    ; Signed Integer                                                                         ;
+----------------+-------+----------------------------------------------------------------------------------------+
Note: In order to hide this table in the UI and the text report file, please set the "Show Parameter Settings in Synthesis Report" option in "Analysis and Synthesis Settings -> More Settings" to "Off".


+-------------------------------------------------------------------------------------------------+
; Parameter Settings for User Entity Instance: processador:processador|fetch:fetch|memoriaROM:ROM ;
+----------------+-------+------------------------------------------------------------------------+
; Parameter Name ; Value ; Type                                                                   ;
+----------------+-------+------------------------------------------------------------------------+
; opcode_width   ; 4     ; Signed Integer                                                         ;
; datawidth      ; 8     ; Signed Integer                                                         ;
; addrwidth      ; 10    ; Signed Integer                                                         ;
; inst_width     ; 17    ; Signed Integer                                                         ;
+----------------+-------+------------------------------------------------------------------------+
Note: In order to hide this table in the UI and the text report file, please set the "Show Parameter Settings in Synthesis Report" option in "Analysis and Synthesis Settings -> More Settings" to "Off".


+----------------------------------------------------------------------------------------------+
; Parameter Settings for User Entity Instance: processador:processador|arquitetura:arquitetura ;
+----------------+-------+---------------------------------------------------------------------+
; Parameter Name ; Value ; Type                                                                ;
+----------------+-------+---------------------------------------------------------------------+
; opcode_width   ; 4     ; Signed Integer                                                      ;
; regs_width     ; 3     ; Signed Integer                                                      ;
; data_width     ; 8     ; Signed Integer                                                      ;
; addr_width     ; 10    ; Signed Integer                                                      ;
; inst_width     ; 17    ; Signed Integer                                                      ;
+----------------+-------+---------------------------------------------------------------------+
Note: In order to hide this table in the UI and the text report file, please set the "Show Parameter Settings in Synthesis Report" option in "Analysis and Synthesis Settings -> More Settings" to "Off".


+------------------------------------------------------------------------------------------------------------------------+
; Parameter Settings for User Entity Instance: processador:processador|arquitetura:arquitetura|muxGenerico2x1:muxInstRAM ;
+----------------+-------+-----------------------------------------------------------------------------------------------+
; Parameter Name ; Value ; Type                                                                                          ;
+----------------+-------+-----------------------------------------------------------------------------------------------+
; larguradados   ; 8     ; Signed Integer                                                                                ;
+----------------+-------+-----------------------------------------------------------------------------------------------+
Note: In order to hide this table in the UI and the text report file, please set the "Show Parameter Settings in Synthesis Report" option in "Analysis and Synthesis Settings -> More Settings" to "Off".


+---------------------------------------------------------------------------------------------------------------------------------+
; Parameter Settings for User Entity Instance: processador:processador|arquitetura:arquitetura|bancoRegistradoresArqRegMem:memReg ;
+---------------------+-------+---------------------------------------------------------------------------------------------------+
; Parameter Name      ; Value ; Type                                                                                              ;
+---------------------+-------+---------------------------------------------------------------------------------------------------+
; larguraDados        ; 8     ; Signed Integer                                                                                    ;
; larguraEndBancoRegs ; 3     ; Signed Integer                                                                                    ;
+---------------------+-------+---------------------------------------------------------------------------------------------------+
Note: In order to hide this table in the UI and the text report file, please set the "Show Parameter Settings in Synthesis Report" option in "Analysis and Synthesis Settings -> More Settings" to "Off".


+------------------------------------------------------------------------------------------------------+
; Parameter Settings for User Entity Instance: processador:processador|arquitetura:arquitetura|ULA:ULA ;
+----------------+-------+-----------------------------------------------------------------------------+
; Parameter Name ; Value ; Type                                                                        ;
+----------------+-------+-----------------------------------------------------------------------------+
; larguradados   ; 8     ; Signed Integer                                                              ;
+----------------+-------+-----------------------------------------------------------------------------+
Note: In order to hide this table in the UI and the text report file, please set the "Show Parameter Settings in Synthesis Report" option in "Analysis and Synthesis Settings -> More Settings" to "Off".


+--------------------------------------------------------------------------------------------------------------------------+
; Parameter Settings for User Entity Instance: processador:processador|arquitetura:arquitetura|flag:flag|flipFlop:flipFlop ;
+----------------+-------+-------------------------------------------------------------------------------------------------+
; Parameter Name ; Value ; Type                                                                                            ;
+----------------+-------+-------------------------------------------------------------------------------------------------+
; larguradados   ; 8     ; Signed Integer                                                                                  ;
+----------------+-------+-------------------------------------------------------------------------------------------------+
Note: In order to hide this table in the UI and the text report file, please set the "Show Parameter Settings in Synthesis Report" option in "Analysis and Synthesis Settings -> More Settings" to "Off".


+---------------------------------------------------------------+
; Parameter Settings for User Entity Instance: decodificador:de ;
+----------------+-------+--------------------------------------+
; Parameter Name ; Value ; Type                                 ;
+----------------+-------+--------------------------------------+
; addrdispwidth  ; 3     ; Signed Integer                       ;
; addrswwidth    ; 4     ; Signed Integer                       ;
; addrkeywidth   ; 2     ; Signed Integer                       ;
; addrwidth      ; 8     ; Signed Integer                       ;
+----------------+-------+--------------------------------------+
Note: In order to hide this table in the UI and the text report file, please set the "Show Parameter Settings in Synthesis Report" option in "Analysis and Synthesis Settings -> More Settings" to "Off".


+--------------------------------------------------------------------------------------------------------------+
; Parameter Settings for User Entity Instance: divisorGenerico_e_Interface:baseTempo|divisorGenerico:baseTempo ;
+----------------+--------+------------------------------------------------------------------------------------+
; Parameter Name ; Value  ; Type                                                                               ;
+----------------+--------+------------------------------------------------------------------------------------+
; divisor        ; 250000 ; Signed Integer                                                                     ;
+----------------+--------+------------------------------------------------------------------------------------+
Note: In order to hide this table in the UI and the text report file, please set the "Show Parameter Settings in Synthesis Report" option in "Analysis and Synthesis Settings -> More Settings" to "Off".


+-----------------------------------------------------------------------------------------------------------------------+
; Parameter Settings for User Entity Instance: divisorGenerico_e_Interface:baseTempo|flipflopGenerico:registraUmSegundo ;
+----------------+-------+----------------------------------------------------------------------------------------------+
; Parameter Name ; Value ; Type                                                                                         ;
+----------------+-------+----------------------------------------------------------------------------------------------+
; larguradados   ; 8     ; Signed Integer                                                                               ;
+----------------+-------+----------------------------------------------------------------------------------------------+
Note: In order to hide this table in the UI and the text report file, please set the "Show Parameter Settings in Synthesis Report" option in "Analysis and Synthesis Settings -> More Settings" to "Off".


+------------------------------------------------------------------------------------------------------+
; Port Connectivity Checks: "divisorGenerico_e_Interface:baseTempo|flipflopGenerico:registraUmSegundo" ;
+--------+-------+----------+--------------------------------------------------------------------------+
; Port   ; Type  ; Severity ; Details                                                                  ;
+--------+-------+----------+--------------------------------------------------------------------------+
; din    ; Input ; Info     ; Stuck at VCC                                                             ;
; enable ; Input ; Info     ; Stuck at VCC                                                             ;
+--------+-------+----------+--------------------------------------------------------------------------+


+---------------------------------------------------------------------------------------------------------+
; Port Connectivity Checks: "processador:processador|arquitetura:arquitetura|flag:flag|flipFlop:flipFlop" ;
+------+-------+----------+-------------------------------------------------------------------------------+
; Port ; Type  ; Severity ; Details                                                                       ;
+------+-------+----------+-------------------------------------------------------------------------------+
; rst  ; Input ; Info     ; Stuck at GND                                                                  ;
+------+-------+----------+-------------------------------------------------------------------------------+


+------------------------------------------------------------------------------------------------+
; Port Connectivity Checks: "processador:processador|fetch:fetch|registradorGenerico:registerPC" ;
+--------+-------+----------+--------------------------------------------------------------------+
; Port   ; Type  ; Severity ; Details                                                            ;
+--------+-------+----------+--------------------------------------------------------------------+
; enable ; Input ; Info     ; Stuck at VCC                                                       ;
; rst    ; Input ; Info     ; Stuck at GND                                                       ;
+--------+-------+----------+--------------------------------------------------------------------+


+----------------------------------------------------------------------------------------------------------------------------------+
; Port Connectivity Checks: "processador:processador"                                                                              ;
+------------------------+--------+----------+-------------------------------------------------------------------------------------+
; Port                   ; Type   ; Severity ; Details                                                                             ;
+------------------------+--------+----------+-------------------------------------------------------------------------------------+
; out_memreg[7..4]       ; Output ; Info     ; Connected to dangling logic. Logic that only feeds a dangling port will be removed. ;
; out_addrimediato[9..8] ; Output ; Info     ; Connected to dangling logic. Logic that only feeds a dangling port will be removed. ;
+------------------------+--------+----------+-------------------------------------------------------------------------------------+


+-----------------------------------------------------+
; Post-Synthesis Netlist Statistics for Top Partition ;
+-----------------------+-----------------------------+
; Type                  ; Count                       ;
+-----------------------+-----------------------------+
; arriav_ff             ; 87                          ;
;     CLR               ; 1                           ;
;     ENA               ; 56                          ;
;     SCLR              ; 18                          ;
;     SLD               ; 10                          ;
;     plain             ; 2                           ;
; arriav_lcell_comb     ; 228                         ;
;     arith             ; 37                          ;
;         1 data inputs ; 29                          ;
;         2 data inputs ; 2                           ;
;         5 data inputs ; 6                           ;
;     extend            ; 10                          ;
;         7 data inputs ; 10                          ;
;     normal            ; 181                         ;
;         0 data inputs ; 1                           ;
;         2 data inputs ; 23                          ;
;         3 data inputs ; 61                          ;
;         4 data inputs ; 20                          ;
;         5 data inputs ; 36                          ;
;         6 data inputs ; 40                          ;
; boundary_port         ; 82                          ;
;                       ;                             ;
; Max LUT depth         ; 10.70                       ;
; Average LUT depth     ; 5.23                        ;
+-----------------------+-----------------------------+


+-------------------------------+
; Elapsed Time Per Partition    ;
+----------------+--------------+
; Partition Name ; Elapsed Time ;
+----------------+--------------+
; Top            ; 00:00:01     ;
+----------------+--------------+


+-------------------------------+
; Analysis & Synthesis Messages ;
+-------------------------------+
Info: *******************************************************************
Info: Running Quartus Prime Analysis & Synthesis
    Info: Version 20.1.0 Build 711 06/05/2020 SJ Lite Edition
    Info: Processing started: Sun Oct 18 23:19:01 2020
Info: Command: quartus_map --read_settings_files=on --write_settings_files=off projeto1 -c projeto1
Warning (18236): Number of processors has not been specified which may cause overloading on shared machines.  Set the global assignment NUM_PARALLEL_PROCESSORS in your QSF to an appropriate value for best performance.
Info (20030): Parallel compilation is enabled and will use 2 of the 2 processors detected
Info (12021): Found 2 design units, including 1 entities, in source file registradorgenerico.vhd
    Info (12022): Found design unit 1: registradorGenerico-comportamento File: C:/Users/roger/Documents/Insper/2020.2/Design de Computadores/descomp_aps/Projeto relógio/registradorGenerico.vhd Line: 16
    Info (12023): Found entity 1: registradorGenerico File: C:/Users/roger/Documents/Insper/2020.2/Design de Computadores/descomp_aps/Projeto relógio/registradorGenerico.vhd Line: 4
Info (12021): Found 2 design units, including 1 entities, in source file muxgenerico2x1.vhd
    Info (12022): Found design unit 1: muxGenerico2x1-comportamento File: C:/Users/roger/Documents/Insper/2020.2/Design de Computadores/descomp_aps/Projeto relógio/muxGenerico2x1.vhd Line: 14
    Info (12023): Found entity 1: muxGenerico2x1 File: C:/Users/roger/Documents/Insper/2020.2/Design de Computadores/descomp_aps/Projeto relógio/muxGenerico2x1.vhd Line: 4
Info (12021): Found 2 design units, including 1 entities, in source file ulasoma.vhd
    Info (12022): Found design unit 1: ULAsoma-comportamento File: C:/Users/roger/Documents/Insper/2020.2/Design de Computadores/descomp_aps/Projeto relógio/ULAsoma.vhd Line: 14
    Info (12023): Found entity 1: ULAsoma File: C:/Users/roger/Documents/Insper/2020.2/Design de Computadores/descomp_aps/Projeto relógio/ULAsoma.vhd Line: 5
Info (12021): Found 2 design units, including 1 entities, in source file fetch.vhd
    Info (12022): Found design unit 1: fetch-comportamento File: C:/Users/roger/Documents/Insper/2020.2/Design de Computadores/descomp_aps/Projeto relógio/fetch.vhd Line: 23
    Info (12023): Found entity 1: fetch File: C:/Users/roger/Documents/Insper/2020.2/Design de Computadores/descomp_aps/Projeto relógio/fetch.vhd Line: 5
Info (12021): Found 2 design units, including 1 entities, in source file somaconstante.vhd
    Info (12022): Found design unit 1: somaConstante-comportamento File: C:/Users/roger/Documents/Insper/2020.2/Design de Computadores/descomp_aps/Projeto relógio/somaConstante.vhd Line: 18
    Info (12023): Found entity 1: somaConstante File: C:/Users/roger/Documents/Insper/2020.2/Design de Computadores/descomp_aps/Projeto relógio/somaConstante.vhd Line: 5
Info (12021): Found 2 design units, including 1 entities, in source file projeto1.vhd
    Info (12022): Found design unit 1: projeto1-comportamento File: C:/Users/roger/Documents/Insper/2020.2/Design de Computadores/descomp_aps/Projeto relógio/projeto1.vhd Line: 29
    Info (12023): Found entity 1: projeto1 File: C:/Users/roger/Documents/Insper/2020.2/Design de Computadores/descomp_aps/Projeto relógio/projeto1.vhd Line: 5
Info (12021): Found 2 design units, including 1 entities, in source file memoriarom.vhd
    Info (12022): Found design unit 1: memoriaROM-assincrona File: C:/Users/roger/Documents/Insper/2020.2/Design de Computadores/descomp_aps/Projeto relógio/memoriaROM.vhd Line: 19
    Info (12023): Found entity 1: memoriaROM File: C:/Users/roger/Documents/Insper/2020.2/Design de Computadores/descomp_aps/Projeto relógio/memoriaROM.vhd Line: 5
Info (12021): Found 2 design units, including 1 entities, in source file processador.vhd
    Info (12022): Found design unit 1: processador-comportamento File: C:/Users/roger/Documents/Insper/2020.2/Design de Computadores/descomp_aps/Projeto relógio/processador.vhd Line: 31
    Info (12023): Found entity 1: processador File: C:/Users/roger/Documents/Insper/2020.2/Design de Computadores/descomp_aps/Projeto relógio/processador.vhd Line: 5
Info (12021): Found 2 design units, including 1 entities, in source file arquitetura.vhd
    Info (12022): Found design unit 1: arquitetura-comportamento File: C:/Users/roger/Documents/Insper/2020.2/Design de Computadores/descomp_aps/Projeto relógio/arquitetura.vhd Line: 28
    Info (12023): Found entity 1: arquitetura File: C:/Users/roger/Documents/Insper/2020.2/Design de Computadores/descomp_aps/Projeto relógio/arquitetura.vhd Line: 5
Info (12021): Found 2 design units, including 1 entities, in source file ula.vhd
    Info (12022): Found design unit 1: ULA-comportamento File: C:/Users/roger/Documents/Insper/2020.2/Design de Computadores/descomp_aps/Projeto relógio/ULA.vhd Line: 19
    Info (12023): Found entity 1: ULA File: C:/Users/roger/Documents/Insper/2020.2/Design de Computadores/descomp_aps/Projeto relógio/ULA.vhd Line: 5
Info (12021): Found 2 design units, including 1 entities, in source file flag.vhd
    Info (12022): Found design unit 1: flag-comportamento File: C:/Users/roger/Documents/Insper/2020.2/Design de Computadores/descomp_aps/Projeto relógio/flag.vhd Line: 14
    Info (12023): Found entity 1: flag File: C:/Users/roger/Documents/Insper/2020.2/Design de Computadores/descomp_aps/Projeto relógio/flag.vhd Line: 5
Info (12021): Found 2 design units, including 1 entities, in source file uc.vhd
    Info (12022): Found design unit 1: UC-comportamento File: C:/Users/roger/Documents/Insper/2020.2/Design de Computadores/descomp_aps/Projeto relógio/UC.vhd Line: 26
    Info (12023): Found entity 1: UC File: C:/Users/roger/Documents/Insper/2020.2/Design de Computadores/descomp_aps/Projeto relógio/UC.vhd Line: 5
Info (12021): Found 2 design units, including 1 entities, in source file bancoregistradoresarqregmem.vhd
    Info (12022): Found design unit 1: bancoRegistradoresArqRegMem-comportamento File: C:/Users/roger/Documents/Insper/2020.2/Design de Computadores/descomp_aps/Projeto relógio/bancoRegistradoresArqRegMem.vhd Line: 23
    Info (12023): Found entity 1: bancoRegistradoresArqRegMem File: C:/Users/roger/Documents/Insper/2020.2/Design de Computadores/descomp_aps/Projeto relógio/bancoRegistradoresArqRegMem.vhd Line: 5
Info (12021): Found 2 design units, including 1 entities, in source file decodificador.vhd
    Info (12022): Found design unit 1: decodificador-comportamento File: C:/Users/roger/Documents/Insper/2020.2/Design de Computadores/descomp_aps/Projeto relógio/decodificador.vhd Line: 31
    Info (12023): Found entity 1: decodificador File: C:/Users/roger/Documents/Insper/2020.2/Design de Computadores/descomp_aps/Projeto relógio/decodificador.vhd Line: 5
Info (12021): Found 2 design units, including 1 entities, in source file flipflop.vhd
    Info (12022): Found design unit 1: flipFlop-comportamento File: C:/Users/roger/Documents/Insper/2020.2/Design de Computadores/descomp_aps/Projeto relógio/flipFlop.vhd Line: 16
    Info (12023): Found entity 1: flipFlop File: C:/Users/roger/Documents/Insper/2020.2/Design de Computadores/descomp_aps/Projeto relógio/flipFlop.vhd Line: 5
Info (12021): Found 2 design units, including 1 entities, in source file memoriaram.vhd
    Info (12022): Found design unit 1: memoriaRAM-rtl File: C:/Users/roger/Documents/Insper/2020.2/Design de Computadores/descomp_aps/Projeto relógio/memoriaRAM.vhd Line: 29
    Info (12023): Found entity 1: memoriaRAM File: C:/Users/roger/Documents/Insper/2020.2/Design de Computadores/descomp_aps/Projeto relógio/memoriaRAM.vhd Line: 5
Warning (12019): Can't analyze file -- file codificadorEnderecos.vhd is missing
Info (12021): Found 2 design units, including 1 entities, in source file conversorhex7seg.vhd
    Info (12022): Found design unit 1: conversorHex7Seg-comportamento File: C:/Users/roger/Documents/Insper/2020.2/Design de Computadores/descomp_aps/Projeto relógio/conversorHex7Seg.vhd Line: 15
    Info (12023): Found entity 1: conversorHex7Seg File: C:/Users/roger/Documents/Insper/2020.2/Design de Computadores/descomp_aps/Projeto relógio/conversorHex7Seg.vhd Line: 4
Info (12021): Found 2 design units, including 1 entities, in source file interfacedisplay.vhd
    Info (12022): Found design unit 1: interfaceDisplay-comportamento File: C:/Users/roger/Documents/Insper/2020.2/Design de Computadores/descomp_aps/Projeto relógio/interfaceDisplay.vhd Line: 15
    Info (12023): Found entity 1: interfaceDisplay File: C:/Users/roger/Documents/Insper/2020.2/Design de Computadores/descomp_aps/Projeto relógio/interfaceDisplay.vhd Line: 5
Info (12021): Found 2 design units, including 1 entities, in source file interfacechave.vhd
    Info (12022): Found design unit 1: interfaceChave-comportamento File: C:/Users/roger/Documents/Insper/2020.2/Design de Computadores/descomp_aps/Projeto relógio/interfaceChave.vhd Line: 15
    Info (12023): Found entity 1: interfaceChave File: C:/Users/roger/Documents/Insper/2020.2/Design de Computadores/descomp_aps/Projeto relógio/interfaceChave.vhd Line: 5
Info (12021): Found 2 design units, including 1 entities, in source file interfacebotao.vhd
    Info (12022): Found design unit 1: interfaceBotao-comportamento File: C:/Users/roger/Documents/Insper/2020.2/Design de Computadores/descomp_aps/Projeto relógio/interfaceBotao.vhd Line: 15
    Info (12023): Found entity 1: interfaceBotao File: C:/Users/roger/Documents/Insper/2020.2/Design de Computadores/descomp_aps/Projeto relógio/interfaceBotao.vhd Line: 5
Info (12021): Found 2 design units, including 1 entities, in source file divisorgenerico_e_interface.vhd
    Info (12022): Found design unit 1: divisorGenerico_e_Interface-interface File: C:/Users/roger/Documents/Insper/2020.2/Design de Computadores/descomp_aps/Projeto relógio/divisorGenerico_e_Interface.vhd Line: 15
    Info (12023): Found entity 1: divisorGenerico_e_Interface File: C:/Users/roger/Documents/Insper/2020.2/Design de Computadores/descomp_aps/Projeto relógio/divisorGenerico_e_Interface.vhd Line: 5
Info (12021): Found 2 design units, including 1 entities, in source file divisorgenerico.vhd
    Info (12022): Found design unit 1: divisorGenerico-divInteiro File: C:/Users/roger/Documents/Insper/2020.2/Design de Computadores/descomp_aps/Projeto relógio/divisorGenerico.vhd Line: 18
    Info (12023): Found entity 1: divisorGenerico File: C:/Users/roger/Documents/Insper/2020.2/Design de Computadores/descomp_aps/Projeto relógio/divisorGenerico.vhd Line: 5
Info (12021): Found 2 design units, including 1 entities, in source file flipflopgenerico.vhd
    Info (12022): Found design unit 1: flipflopGenerico-comportamento File: C:/Users/roger/Documents/Insper/2020.2/Design de Computadores/descomp_aps/Projeto relógio/flipflopGenerico.vhd Line: 15
    Info (12023): Found entity 1: flipflopGenerico File: C:/Users/roger/Documents/Insper/2020.2/Design de Computadores/descomp_aps/Projeto relógio/flipflopGenerico.vhd Line: 4
Info (12127): Elaborating entity "projeto1" for the top level hierarchy
Info (12128): Elaborating entity "processador" for hierarchy "processador:processador" File: C:/Users/roger/Documents/Insper/2020.2/Design de Computadores/descomp_aps/Projeto relógio/projeto1.vhd Line: 63
Info (12128): Elaborating entity "UC" for hierarchy "processador:processador|UC:UC" File: C:/Users/roger/Documents/Insper/2020.2/Design de Computadores/descomp_aps/Projeto relógio/processador.vhd Line: 54
Info (10041): Inferred latch for "operacao[0]" at UC.vhd(71) File: C:/Users/roger/Documents/Insper/2020.2/Design de Computadores/descomp_aps/Projeto relógio/UC.vhd Line: 71
Info (10041): Inferred latch for "operacao[1]" at UC.vhd(71) File: C:/Users/roger/Documents/Insper/2020.2/Design de Computadores/descomp_aps/Projeto relógio/UC.vhd Line: 71
Info (10041): Inferred latch for "operacao[2]" at UC.vhd(71) File: C:/Users/roger/Documents/Insper/2020.2/Design de Computadores/descomp_aps/Projeto relógio/UC.vhd Line: 71
Info (12128): Elaborating entity "fetch" for hierarchy "processador:processador|fetch:fetch" File: C:/Users/roger/Documents/Insper/2020.2/Design de Computadores/descomp_aps/Projeto relógio/processador.vhd Line: 70
Info (12128): Elaborating entity "muxGenerico2x1" for hierarchy "processador:processador|fetch:fetch|muxGenerico2x1:muxPC" File: C:/Users/roger/Documents/Insper/2020.2/Design de Computadores/descomp_aps/Projeto relógio/fetch.vhd Line: 33
Info (12128): Elaborating entity "somaConstante" for hierarchy "processador:processador|fetch:fetch|somaConstante:somPC" File: C:/Users/roger/Documents/Insper/2020.2/Design de Computadores/descomp_aps/Projeto relógio/fetch.vhd Line: 44
Info (12128): Elaborating entity "registradorGenerico" for hierarchy "processador:processador|fetch:fetch|registradorGenerico:registerPC" File: C:/Users/roger/Documents/Insper/2020.2/Design de Computadores/descomp_aps/Projeto relógio/fetch.vhd Line: 56
Info (12128): Elaborating entity "memoriaROM" for hierarchy "processador:processador|fetch:fetch|memoriaROM:ROM" File: C:/Users/roger/Documents/Insper/2020.2/Design de Computadores/descomp_aps/Projeto relógio/fetch.vhd Line: 68
Info (12128): Elaborating entity "arquitetura" for hierarchy "processador:processador|arquitetura:arquitetura" File: C:/Users/roger/Documents/Insper/2020.2/Design de Computadores/descomp_aps/Projeto relógio/processador.vhd Line: 84
Info (12128): Elaborating entity "muxGenerico2x1" for hierarchy "processador:processador|arquitetura:arquitetura|muxGenerico2x1:muxInstRAM" File: C:/Users/roger/Documents/Insper/2020.2/Design de Computadores/descomp_aps/Projeto relógio/arquitetura.vhd Line: 44
Info (12128): Elaborating entity "bancoRegistradoresArqRegMem" for hierarchy "processador:processador|arquitetura:arquitetura|bancoRegistradoresArqRegMem:memReg" File: C:/Users/roger/Documents/Insper/2020.2/Design de Computadores/descomp_aps/Projeto relógio/arquitetura.vhd Line: 56
Info (12128): Elaborating entity "ULA" for hierarchy "processador:processador|arquitetura:arquitetura|ULA:ULA" File: C:/Users/roger/Documents/Insper/2020.2/Design de Computadores/descomp_aps/Projeto relógio/arquitetura.vhd Line: 65
Info (12128): Elaborating entity "flag" for hierarchy "processador:processador|arquitetura:arquitetura|flag:flag" File: C:/Users/roger/Documents/Insper/2020.2/Design de Computadores/descomp_aps/Projeto relógio/arquitetura.vhd Line: 77
Info (12128): Elaborating entity "flipFlop" for hierarchy "processador:processador|arquitetura:arquitetura|flag:flag|flipFlop:flipFlop" File: C:/Users/roger/Documents/Insper/2020.2/Design de Computadores/descomp_aps/Projeto relógio/flag.vhd Line: 19
Info (12128): Elaborating entity "decodificador" for hierarchy "decodificador:de" File: C:/Users/roger/Documents/Insper/2020.2/Design de Computadores/descomp_aps/Projeto relógio/projeto1.vhd Line: 103
Info (10041): Inferred latch for "enderecoBotao[0]" at decodificador.vhd(82) File: C:/Users/roger/Documents/Insper/2020.2/Design de Computadores/descomp_aps/Projeto relógio/decodificador.vhd Line: 82
Info (10041): Inferred latch for "enderecoBotao[1]" at decodificador.vhd(82) File: C:/Users/roger/Documents/Insper/2020.2/Design de Computadores/descomp_aps/Projeto relógio/decodificador.vhd Line: 82
Info (12128): Elaborating entity "interfaceDisplay" for hierarchy "interfaceDisplay:display" File: C:/Users/roger/Documents/Insper/2020.2/Design de Computadores/descomp_aps/Projeto relógio/projeto1.vhd Line: 122
Info (12128): Elaborating entity "conversorHex7Seg" for hierarchy "interfaceDisplay:display|conversorHex7Seg:display0" File: C:/Users/roger/Documents/Insper/2020.2/Design de Computadores/descomp_aps/Projeto relógio/interfaceDisplay.vhd Line: 20
Info (10041): Inferred latch for "saida7seg[0]" at conversorHex7Seg.vhd(49) File: C:/Users/roger/Documents/Insper/2020.2/Design de Computadores/descomp_aps/Projeto relógio/conversorHex7Seg.vhd Line: 49
Info (10041): Inferred latch for "saida7seg[1]" at conversorHex7Seg.vhd(49) File: C:/Users/roger/Documents/Insper/2020.2/Design de Computadores/descomp_aps/Projeto relógio/conversorHex7Seg.vhd Line: 49
Info (10041): Inferred latch for "saida7seg[2]" at conversorHex7Seg.vhd(49) File: C:/Users/roger/Documents/Insper/2020.2/Design de Computadores/descomp_aps/Projeto relógio/conversorHex7Seg.vhd Line: 49
Info (10041): Inferred latch for "saida7seg[3]" at conversorHex7Seg.vhd(49) File: C:/Users/roger/Documents/Insper/2020.2/Design de Computadores/descomp_aps/Projeto relógio/conversorHex7Seg.vhd Line: 49
Info (10041): Inferred latch for "saida7seg[4]" at conversorHex7Seg.vhd(49) File: C:/Users/roger/Documents/Insper/2020.2/Design de Computadores/descomp_aps/Projeto relógio/conversorHex7Seg.vhd Line: 49
Info (10041): Inferred latch for "saida7seg[5]" at conversorHex7Seg.vhd(49) File: C:/Users/roger/Documents/Insper/2020.2/Design de Computadores/descomp_aps/Projeto relógio/conversorHex7Seg.vhd Line: 49
Info (10041): Inferred latch for "saida7seg[6]" at conversorHex7Seg.vhd(49) File: C:/Users/roger/Documents/Insper/2020.2/Design de Computadores/descomp_aps/Projeto relógio/conversorHex7Seg.vhd Line: 49
Info (12128): Elaborating entity "interfaceChave" for hierarchy "interfaceChave:chaves" File: C:/Users/roger/Documents/Insper/2020.2/Design de Computadores/descomp_aps/Projeto relógio/projeto1.vhd Line: 136
Info (12128): Elaborating entity "interfaceBotao" for hierarchy "interfaceBotao:botoes" File: C:/Users/roger/Documents/Insper/2020.2/Design de Computadores/descomp_aps/Projeto relógio/projeto1.vhd Line: 146
Info (12128): Elaborating entity "divisorGenerico_e_Interface" for hierarchy "divisorGenerico_e_Interface:baseTempo" File: C:/Users/roger/Documents/Insper/2020.2/Design de Computadores/descomp_aps/Projeto relógio/projeto1.vhd Line: 156
Info (12128): Elaborating entity "divisorGenerico" for hierarchy "divisorGenerico_e_Interface:baseTempo|divisorGenerico:baseTempo" File: C:/Users/roger/Documents/Insper/2020.2/Design de Computadores/descomp_aps/Projeto relógio/divisorGenerico_e_Interface.vhd Line: 22
Info (12128): Elaborating entity "flipflopGenerico" for hierarchy "divisorGenerico_e_Interface:baseTempo|flipflopGenerico:registraUmSegundo" File: C:/Users/roger/Documents/Insper/2020.2/Design de Computadores/descomp_aps/Projeto relógio/divisorGenerico_e_Interface.vhd Line: 32
Info (276014): Found 1 instances of uninferred RAM logic
    Info (276007): RAM logic "processador:processador|arquitetura:arquitetura|bancoRegistradoresArqRegMem:memReg|registrador" is uninferred due to asynchronous read logic File: C:/Users/roger/Documents/Insper/2020.2/Design de Computadores/descomp_aps/Projeto relógio/bancoRegistradoresArqRegMem.vhd Line: 29
Warning (13024): Output pins are stuck at VCC or GND
    Warning (13410): Pin "t_BT[1]" is stuck at GND File: C:/Users/roger/Documents/Insper/2020.2/Design de Computadores/descomp_aps/Projeto relógio/projeto1.vhd Line: 25
    Warning (13410): Pin "t_BT[2]" is stuck at GND File: C:/Users/roger/Documents/Insper/2020.2/Design de Computadores/descomp_aps/Projeto relógio/projeto1.vhd Line: 25
    Warning (13410): Pin "t_BT[3]" is stuck at GND File: C:/Users/roger/Documents/Insper/2020.2/Design de Computadores/descomp_aps/Projeto relógio/projeto1.vhd Line: 25
    Warning (13410): Pin "t_BT[4]" is stuck at GND File: C:/Users/roger/Documents/Insper/2020.2/Design de Computadores/descomp_aps/Projeto relógio/projeto1.vhd Line: 25
    Warning (13410): Pin "t_BT[5]" is stuck at GND File: C:/Users/roger/Documents/Insper/2020.2/Design de Computadores/descomp_aps/Projeto relógio/projeto1.vhd Line: 25
    Warning (13410): Pin "t_BT[6]" is stuck at GND File: C:/Users/roger/Documents/Insper/2020.2/Design de Computadores/descomp_aps/Projeto relógio/projeto1.vhd Line: 25
    Warning (13410): Pin "t_BT[7]" is stuck at GND File: C:/Users/roger/Documents/Insper/2020.2/Design de Computadores/descomp_aps/Projeto relógio/projeto1.vhd Line: 25
Info (286030): Timing-Driven Synthesis is running
Info (16010): Generating hard_block partition "hard_block:auto_generated_inst"
    Info (16011): Adding 0 node(s), including 0 DDIO, 0 PLL, 0 transceiver and 0 LCELL
Info (21057): Implemented 367 device resources after synthesis - the final resource count might be different
    Info (21058): Implemented 14 input pins
    Info (21059): Implemented 68 output pins
    Info (21061): Implemented 285 logic cells
Info: Quartus Prime Analysis & Synthesis was successful. 0 errors, 10 warnings
    Info: Peak virtual memory: 4858 megabytes
    Info: Processing ended: Sun Oct 18 23:19:17 2020
    Info: Elapsed time: 00:00:16
    Info: Total CPU time (on all processors): 00:00:33


